  DoAnDHMT.cpp
D:\DoAnDHMT\DoAnDHMT\DoAnDHMT.cpp(57,34): warning C4305: 'argument': truncation from 'double' to 'GLfloat'
D:\DoAnDHMT\DoAnDHMT\DoAnDHMT.cpp(59,32): warning C4244: 'argument': conversion from 'int' to 'GLfloat', possible loss of data
D:\DoAnDHMT\DoAnDHMT\DoAnDHMT.cpp(59,21): warning C4244: 'argument': conversion from 'int' to 'GLfloat', possible loss of data
D:\DoAnDHMT\DoAnDHMT\DoAnDHMT.cpp(60,37): warning C4244: 'argument': conversion from 'int' to 'GLfloat', possible loss of data
D:\DoAnDHMT\DoAnDHMT\DoAnDHMT.cpp(60,21): warning C4244: 'argument': conversion from 'int' to 'GLfloat', possible loss of data
D:\DoAnDHMT\DoAnDHMT\DoAnDHMT.cpp(61,37): warning C4244: 'argument': conversion from 'int' to 'GLfloat', possible loss of data
D:\DoAnDHMT\DoAnDHMT\DoAnDHMT.cpp(61,21): warning C4244: 'argument': conversion from 'int' to 'GLfloat', possible loss of data
D:\DoAnDHMT\DoAnDHMT\DoAnDHMT.cpp(64,34): warning C4305: 'argument': truncation from 'double' to 'GLfloat'
D:\DoAnDHMT\DoAnDHMT\DoAnDHMT.cpp(66,37): warning C4244: 'argument': conversion from 'int' to 'GLfloat', possible loss of data
D:\DoAnDHMT\DoAnDHMT\DoAnDHMT.cpp(66,21): warning C4244: 'argument': conversion from 'int' to 'GLfloat', possible loss of data
D:\DoAnDHMT\DoAnDHMT\DoAnDHMT.cpp(67,41): warning C4244: 'argument': conversion from 'int' to 'GLfloat', possible loss of data
D:\DoAnDHMT\DoAnDHMT\DoAnDHMT.cpp(67,26): warning C4244: 'argument': conversion from 'int' to 'GLfloat', possible loss of data
D:\DoAnDHMT\DoAnDHMT\DoAnDHMT.cpp(68,41): warning C4244: 'argument': conversion from 'int' to 'GLfloat', possible loss of data
D:\DoAnDHMT\DoAnDHMT\DoAnDHMT.cpp(68,26): warning C4244: 'argument': conversion from 'int' to 'GLfloat', possible loss of data
D:\DoAnDHMT\DoAnDHMT\DoAnDHMT.cpp(75,34): warning C4305: 'argument': truncation from 'double' to 'GLfloat'
D:\DoAnDHMT\DoAnDHMT\DoAnDHMT.cpp(105,31): warning C4244: 'argument': conversion from 'int' to 'GLfloat', possible loss of data
D:\DoAnDHMT\DoAnDHMT\DoAnDHMT.cpp(106,31): warning C4244: 'argument': conversion from 'int' to 'GLfloat', possible loss of data
D:\DoAnDHMT\DoAnDHMT\DoAnDHMT.cpp(107,31): warning C4244: 'argument': conversion from 'int' to 'GLfloat', possible loss of data
D:\DoAnDHMT\DoAnDHMT\DoAnDHMT.cpp(108,31): warning C4244: 'argument': conversion from 'int' to 'GLfloat', possible loss of data
D:\DoAnDHMT\DoAnDHMT\DoAnDHMT.cpp(118,31): warning C4244: 'argument': conversion from 'int' to 'GLfloat', possible loss of data
D:\DoAnDHMT\DoAnDHMT\DoAnDHMT.cpp(119,31): warning C4244: 'argument': conversion from 'int' to 'GLfloat', possible loss of data
D:\DoAnDHMT\DoAnDHMT\DoAnDHMT.cpp(120,31): warning C4244: 'argument': conversion from 'int' to 'GLfloat', possible loss of data
D:\DoAnDHMT\DoAnDHMT\DoAnDHMT.cpp(121,31): warning C4244: 'argument': conversion from 'int' to 'GLfloat', possible loss of data
D:\DoAnDHMT\DoAnDHMT\DoAnDHMT.cpp(134,31): warning C4244: 'argument': conversion from 'int' to 'GLfloat', possible loss of data
D:\DoAnDHMT\DoAnDHMT\DoAnDHMT.cpp(135,31): warning C4244: 'argument': conversion from 'int' to 'GLfloat', possible loss of data
D:\DoAnDHMT\DoAnDHMT\DoAnDHMT.cpp(136,31): warning C4244: 'argument': conversion from 'int' to 'GLfloat', possible loss of data
D:\DoAnDHMT\DoAnDHMT\DoAnDHMT.cpp(137,31): warning C4244: 'argument': conversion from 'int' to 'GLfloat', possible loss of data
D:\DoAnDHMT\DoAnDHMT\DoAnDHMT.cpp(183,29): warning C4244: 'argument': conversion from 'int' to 'GLfloat', possible loss of data
D:\DoAnDHMT\DoAnDHMT\DoAnDHMT.cpp(184,29): warning C4244: 'argument': conversion from 'int' to 'GLfloat', possible loss of data
D:\DoAnDHMT\DoAnDHMT\DoAnDHMT.cpp(185,29): warning C4244: 'argument': conversion from 'int' to 'GLfloat', possible loss of data
D:\DoAnDHMT\DoAnDHMT\DoAnDHMT.cpp(186,29): warning C4244: 'argument': conversion from 'int' to 'GLfloat', possible loss of data
D:\DoAnDHMT\DoAnDHMT\DoAnDHMT.cpp(191,29): warning C4244: 'argument': conversion from 'int' to 'GLfloat', possible loss of data
D:\DoAnDHMT\DoAnDHMT\DoAnDHMT.cpp(192,29): warning C4244: 'argument': conversion from 'int' to 'GLfloat', possible loss of data
D:\DoAnDHMT\DoAnDHMT\DoAnDHMT.cpp(193,29): warning C4244: 'argument': conversion from 'int' to 'GLfloat', possible loss of data
D:\DoAnDHMT\DoAnDHMT\DoAnDHMT.cpp(194,29): warning C4244: 'argument': conversion from 'int' to 'GLfloat', possible loss of data
D:\DoAnDHMT\DoAnDHMT\DoAnDHMT.cpp(197,34): warning C4305: 'argument': truncation from 'double' to 'GLfloat'
D:\DoAnDHMT\DoAnDHMT\DoAnDHMT.cpp(199,24): warning C4244: 'argument': conversion from 'int' to 'GLfloat', possible loss of data
D:\DoAnDHMT\DoAnDHMT\DoAnDHMT.cpp(200,24): warning C4244: 'argument': conversion from 'int' to 'GLfloat', possible loss of data
D:\DoAnDHMT\DoAnDHMT\DoAnDHMT.cpp(201,34): warning C4305: 'argument': truncation from 'double' to 'GLfloat'
D:\DoAnDHMT\DoAnDHMT\DoAnDHMT.cpp(203,24): warning C4244: 'argument': conversion from 'int' to 'GLfloat', possible loss of data
D:\DoAnDHMT\DoAnDHMT\DoAnDHMT.cpp(204,24): warning C4244: 'argument': conversion from 'int' to 'GLfloat', possible loss of data
D:\DoAnDHMT\DoAnDHMT\DoAnDHMT.cpp(205,24): warning C4244: 'argument': conversion from 'int' to 'GLfloat', possible loss of data
D:\DoAnDHMT\DoAnDHMT\DoAnDHMT.cpp(212,46): warning C4244: 'argument': conversion from 'int' to 'GLfloat', possible loss of data
D:\DoAnDHMT\DoAnDHMT\DoAnDHMT.cpp(212,30): warning C4244: 'argument': conversion from 'int' to 'GLfloat', possible loss of data
D:\DoAnDHMT\DoAnDHMT\DoAnDHMT.cpp(213,46): warning C4244: 'argument': conversion from 'int' to 'GLfloat', possible loss of data
D:\DoAnDHMT\DoAnDHMT\DoAnDHMT.cpp(213,30): warning C4244: 'argument': conversion from 'int' to 'GLfloat', possible loss of data
D:\DoAnDHMT\DoAnDHMT\DoAnDHMT.cpp(214,46): warning C4244: 'argument': conversion from 'int' to 'GLfloat', possible loss of data
D:\DoAnDHMT\DoAnDHMT\DoAnDHMT.cpp(214,30): warning C4244: 'argument': conversion from 'int' to 'GLfloat', possible loss of data
D:\DoAnDHMT\DoAnDHMT\DoAnDHMT.cpp(215,46): warning C4244: 'argument': conversion from 'int' to 'GLfloat', possible loss of data
D:\DoAnDHMT\DoAnDHMT\DoAnDHMT.cpp(215,30): warning C4244: 'argument': conversion from 'int' to 'GLfloat', possible loss of data
D:\DoAnDHMT\DoAnDHMT\DoAnDHMT.cpp(219,40): warning C4244: 'argument': conversion from 'int' to 'GLfloat', possible loss of data
D:\DoAnDHMT\DoAnDHMT\DoAnDHMT.cpp(219,30): warning C4244: 'argument': conversion from 'int' to 'GLfloat', possible loss of data
D:\DoAnDHMT\DoAnDHMT\DoAnDHMT.cpp(220,46): warning C4244: 'argument': conversion from 'int' to 'GLfloat', possible loss of data
D:\DoAnDHMT\DoAnDHMT\DoAnDHMT.cpp(220,30): warning C4244: 'argument': conversion from 'int' to 'GLfloat', possible loss of data
D:\DoAnDHMT\DoAnDHMT\DoAnDHMT.cpp(221,46): warning C4244: 'argument': conversion from 'int' to 'GLfloat', possible loss of data
D:\DoAnDHMT\DoAnDHMT\DoAnDHMT.cpp(221,30): warning C4244: 'argument': conversion from 'int' to 'GLfloat', possible loss of data
D:\DoAnDHMT\DoAnDHMT\DoAnDHMT.cpp(222,40): warning C4244: 'argument': conversion from 'int' to 'GLfloat', possible loss of data
D:\DoAnDHMT\DoAnDHMT\DoAnDHMT.cpp(222,30): warning C4244: 'argument': conversion from 'int' to 'GLfloat', possible loss of data
D:\DoAnDHMT\DoAnDHMT\DoAnDHMT.cpp(226,36): warning C4244: 'argument': conversion from 'int' to 'GLfloat', possible loss of data
D:\DoAnDHMT\DoAnDHMT\DoAnDHMT.cpp(226,25): warning C4244: 'argument': conversion from 'int' to 'GLfloat', possible loss of data
D:\DoAnDHMT\DoAnDHMT\DoAnDHMT.cpp(227,42): warning C4244: 'argument': conversion from 'int' to 'GLfloat', possible loss of data
D:\DoAnDHMT\DoAnDHMT\DoAnDHMT.cpp(227,25): warning C4244: 'argument': conversion from 'int' to 'GLfloat', possible loss of data
D:\DoAnDHMT\DoAnDHMT\DoAnDHMT.cpp(228,42): warning C4244: 'argument': conversion from 'int' to 'GLfloat', possible loss of data
D:\DoAnDHMT\DoAnDHMT\DoAnDHMT.cpp(228,25): warning C4244: 'argument': conversion from 'int' to 'GLfloat', possible loss of data
D:\DoAnDHMT\DoAnDHMT\DoAnDHMT.cpp(229,42): warning C4244: 'argument': conversion from 'int' to 'GLfloat', possible loss of data
D:\DoAnDHMT\DoAnDHMT\DoAnDHMT.cpp(229,25): warning C4244: 'argument': conversion from 'int' to 'GLfloat', possible loss of data
D:\DoAnDHMT\DoAnDHMT\DoAnDHMT.cpp(230,36): warning C4244: 'argument': conversion from 'int' to 'GLfloat', possible loss of data
D:\DoAnDHMT\DoAnDHMT\DoAnDHMT.cpp(230,25): warning C4244: 'argument': conversion from 'int' to 'GLfloat', possible loss of data
D:\DoAnDHMT\DoAnDHMT\DoAnDHMT.cpp(247,46): warning C4244: 'argument': conversion from 'int' to 'GLfloat', possible loss of data
D:\DoAnDHMT\DoAnDHMT\DoAnDHMT.cpp(247,30): warning C4244: 'argument': conversion from 'int' to 'GLfloat', possible loss of data
D:\DoAnDHMT\DoAnDHMT\DoAnDHMT.cpp(248,46): warning C4244: 'argument': conversion from 'int' to 'GLfloat', possible loss of data
D:\DoAnDHMT\DoAnDHMT\DoAnDHMT.cpp(248,30): warning C4244: 'argument': conversion from 'int' to 'GLfloat', possible loss of data
D:\DoAnDHMT\DoAnDHMT\DoAnDHMT.cpp(249,46): warning C4244: 'argument': conversion from 'int' to 'GLfloat', possible loss of data
D:\DoAnDHMT\DoAnDHMT\DoAnDHMT.cpp(249,30): warning C4244: 'argument': conversion from 'int' to 'GLfloat', possible loss of data
D:\DoAnDHMT\DoAnDHMT\DoAnDHMT.cpp(250,46): warning C4244: 'argument': conversion from 'int' to 'GLfloat', possible loss of data
D:\DoAnDHMT\DoAnDHMT\DoAnDHMT.cpp(250,30): warning C4244: 'argument': conversion from 'int' to 'GLfloat', possible loss of data
D:\DoAnDHMT\DoAnDHMT\DoAnDHMT.cpp(254,40): warning C4244: 'argument': conversion from 'int' to 'GLfloat', possible loss of data
D:\DoAnDHMT\DoAnDHMT\DoAnDHMT.cpp(254,30): warning C4244: 'argument': conversion from 'int' to 'GLfloat', possible loss of data
D:\DoAnDHMT\DoAnDHMT\DoAnDHMT.cpp(255,46): warning C4244: 'argument': conversion from 'int' to 'GLfloat', possible loss of data
D:\DoAnDHMT\DoAnDHMT\DoAnDHMT.cpp(255,30): warning C4244: 'argument': conversion from 'int' to 'GLfloat', possible loss of data
D:\DoAnDHMT\DoAnDHMT\DoAnDHMT.cpp(256,46): warning C4244: 'argument': conversion from 'int' to 'GLfloat', possible loss of data
D:\DoAnDHMT\DoAnDHMT\DoAnDHMT.cpp(256,30): warning C4244: 'argument': conversion from 'int' to 'GLfloat', possible loss of data
D:\DoAnDHMT\DoAnDHMT\DoAnDHMT.cpp(257,40): warning C4244: 'argument': conversion from 'int' to 'GLfloat', possible loss of data
D:\DoAnDHMT\DoAnDHMT\DoAnDHMT.cpp(257,30): warning C4244: 'argument': conversion from 'int' to 'GLfloat', possible loss of data
D:\DoAnDHMT\DoAnDHMT\DoAnDHMT.cpp(259,34): warning C4305: 'argument': truncation from 'double' to 'GLfloat'
D:\DoAnDHMT\DoAnDHMT\DoAnDHMT.cpp(261,36): warning C4244: 'argument': conversion from 'int' to 'GLfloat', possible loss of data
D:\DoAnDHMT\DoAnDHMT\DoAnDHMT.cpp(261,25): warning C4244: 'argument': conversion from 'int' to 'GLfloat', possible loss of data
D:\DoAnDHMT\DoAnDHMT\DoAnDHMT.cpp(262,42): warning C4244: 'argument': conversion from 'int' to 'GLfloat', possible loss of data
D:\DoAnDHMT\DoAnDHMT\DoAnDHMT.cpp(262,25): warning C4244: 'argument': conversion from 'int' to 'GLfloat', possible loss of data
D:\DoAnDHMT\DoAnDHMT\DoAnDHMT.cpp(263,42): warning C4244: 'argument': conversion from 'int' to 'GLfloat', possible loss of data
D:\DoAnDHMT\DoAnDHMT\DoAnDHMT.cpp(263,25): warning C4244: 'argument': conversion from 'int' to 'GLfloat', possible loss of data
D:\DoAnDHMT\DoAnDHMT\DoAnDHMT.cpp(264,42): warning C4244: 'argument': conversion from 'int' to 'GLfloat', possible loss of data
D:\DoAnDHMT\DoAnDHMT\DoAnDHMT.cpp(264,25): warning C4244: 'argument': conversion from 'int' to 'GLfloat', possible loss of data
D:\DoAnDHMT\DoAnDHMT\DoAnDHMT.cpp(265,36): warning C4244: 'argument': conversion from 'int' to 'GLfloat', possible loss of data
D:\DoAnDHMT\DoAnDHMT\DoAnDHMT.cpp(265,25): warning C4244: 'argument': conversion from 'int' to 'GLfloat', possible loss of data
D:\DoAnDHMT\DoAnDHMT\DoAnDHMT.cpp(282,46): warning C4244: 'argument': conversion from 'int' to 'GLfloat', possible loss of data
D:\DoAnDHMT\DoAnDHMT\DoAnDHMT.cpp(282,30): warning C4244: 'argument': conversion from 'int' to 'GLfloat', possible loss of data
D:\DoAnDHMT\DoAnDHMT\DoAnDHMT.cpp(283,46): warning C4244: 'argument': conversion from 'int' to 'GLfloat', possible loss of data
D:\DoAnDHMT\DoAnDHMT\DoAnDHMT.cpp(283,30): warning C4244: 'argument': conversion from 'int' to 'GLfloat', possible loss of data
D:\DoAnDHMT\DoAnDHMT\DoAnDHMT.cpp(284,46): warning C4244: 'argument': conversion from 'int' to 'GLfloat', possible loss of data
D:\DoAnDHMT\DoAnDHMT\DoAnDHMT.cpp(284,30): warning C4244: 'argument': conversion from 'int' to 'GLfloat', possible loss of data
D:\DoAnDHMT\DoAnDHMT\DoAnDHMT.cpp(285,46): warning C4244: 'argument': conversion from 'int' to 'GLfloat', possible loss of data
D:\DoAnDHMT\DoAnDHMT\DoAnDHMT.cpp(285,30): warning C4244: 'argument': conversion from 'int' to 'GLfloat', possible loss of data
D:\DoAnDHMT\DoAnDHMT\DoAnDHMT.cpp(289,40): warning C4244: 'argument': conversion from 'int' to 'GLfloat', possible loss of data
D:\DoAnDHMT\DoAnDHMT\DoAnDHMT.cpp(289,30): warning C4244: 'argument': conversion from 'int' to 'GLfloat', possible loss of data
D:\DoAnDHMT\DoAnDHMT\DoAnDHMT.cpp(290,46): warning C4244: 'argument': conversion from 'int' to 'GLfloat', possible loss of data
D:\DoAnDHMT\DoAnDHMT\DoAnDHMT.cpp(290,30): warning C4244: 'argument': conversion from 'int' to 'GLfloat', possible loss of data
D:\DoAnDHMT\DoAnDHMT\DoAnDHMT.cpp(291,46): warning C4244: 'argument': conversion from 'int' to 'GLfloat', possible loss of data
D:\DoAnDHMT\DoAnDHMT\DoAnDHMT.cpp(291,30): warning C4244: 'argument': conversion from 'int' to 'GLfloat', possible loss of data
D:\DoAnDHMT\DoAnDHMT\DoAnDHMT.cpp(292,40): warning C4244: 'argument': conversion from 'int' to 'GLfloat', possible loss of data
D:\DoAnDHMT\DoAnDHMT\DoAnDHMT.cpp(292,30): warning C4244: 'argument': conversion from 'int' to 'GLfloat', possible loss of data
D:\DoAnDHMT\DoAnDHMT\DoAnDHMT.cpp(294,34): warning C4305: 'argument': truncation from 'double' to 'GLfloat'
D:\DoAnDHMT\DoAnDHMT\DoAnDHMT.cpp(296,36): warning C4244: 'argument': conversion from 'int' to 'GLfloat', possible loss of data
D:\DoAnDHMT\DoAnDHMT\DoAnDHMT.cpp(296,25): warning C4244: 'argument': conversion from 'int' to 'GLfloat', possible loss of data
D:\DoAnDHMT\DoAnDHMT\DoAnDHMT.cpp(297,42): warning C4244: 'argument': conversion from 'int' to 'GLfloat', possible loss of data
D:\DoAnDHMT\DoAnDHMT\DoAnDHMT.cpp(297,25): warning C4244: 'argument': conversion from 'int' to 'GLfloat', possible loss of data
D:\DoAnDHMT\DoAnDHMT\DoAnDHMT.cpp(298,42): warning C4244: 'argument': conversion from 'int' to 'GLfloat', possible loss of data
D:\DoAnDHMT\DoAnDHMT\DoAnDHMT.cpp(298,25): warning C4244: 'argument': conversion from 'int' to 'GLfloat', possible loss of data
D:\DoAnDHMT\DoAnDHMT\DoAnDHMT.cpp(299,42): warning C4244: 'argument': conversion from 'int' to 'GLfloat', possible loss of data
D:\DoAnDHMT\DoAnDHMT\DoAnDHMT.cpp(299,25): warning C4244: 'argument': conversion from 'int' to 'GLfloat', possible loss of data
D:\DoAnDHMT\DoAnDHMT\DoAnDHMT.cpp(300,36): warning C4244: 'argument': conversion from 'int' to 'GLfloat', possible loss of data
D:\DoAnDHMT\DoAnDHMT\DoAnDHMT.cpp(300,25): warning C4244: 'argument': conversion from 'int' to 'GLfloat', possible loss of data
D:\DoAnDHMT\DoAnDHMT\DoAnDHMT.cpp(319,34): warning C4305: 'argument': truncation from 'double' to 'GLfloat'
D:\DoAnDHMT\DoAnDHMT\DoAnDHMT.cpp(323,34): warning C4305: 'argument': truncation from 'double' to 'GLfloat'
D:\DoAnDHMT\DoAnDHMT\DoAnDHMT.cpp(346,34): warning C4305: 'argument': truncation from 'double' to 'GLfloat'
D:\DoAnDHMT\DoAnDHMT\DoAnDHMT.cpp(350,34): warning C4305: 'argument': truncation from 'double' to 'GLfloat'
D:\DoAnDHMT\DoAnDHMT\DoAnDHMT.cpp(356,34): warning C4305: 'argument': truncation from 'double' to 'GLfloat'
D:\DoAnDHMT\DoAnDHMT\DoAnDHMT.cpp(364,34): warning C4305: 'argument': truncation from 'double' to 'GLfloat'
D:\DoAnDHMT\DoAnDHMT\DoAnDHMT.cpp(372,34): warning C4305: 'argument': truncation from 'double' to 'GLfloat'
D:\DoAnDHMT\DoAnDHMT\DoAnDHMT.cpp(380,34): warning C4305: 'argument': truncation from 'double' to 'GLfloat'
D:\DoAnDHMT\DoAnDHMT\DoAnDHMT.cpp(390,34): warning C4305: 'argument': truncation from 'double' to 'GLfloat'
D:\DoAnDHMT\DoAnDHMT\DoAnDHMT.cpp(397,34): warning C4305: 'argument': truncation from 'double' to 'GLfloat'
D:\DoAnDHMT\DoAnDHMT\DoAnDHMT.cpp(417,34): warning C4305: 'argument': truncation from 'double' to 'GLfloat'
D:\DoAnDHMT\DoAnDHMT\DoAnDHMT.cpp(493,44): warning C4305: 'argument': truncation from 'double' to 'GLclampf'
D:\DoAnDHMT\DoAnDHMT\DoAnDHMT.cpp(601,40): warning C4305: 'argument': truncation from 'double' to 'GLclampf'
  DoAnDHMT.vcxproj -> D:\DoAnDHMT\Debug\DoAnDHMT.exe
